[CEF Python] Initialize() called
[CEF Python] CefExecuteProcess(): exitCode = -1
[CEF Python] CefInitialize()
[CEF Python] App_OnBeforeCommandLineProcessing_BrowserProcess()
[CEF Python] App: Command line string for the browser process:  --browser-subprocess-path=/home/egemen/ulakbim_debian/zkitapeditoru/var/lib/cef-64/subprocess --lang=en-US --log-file=/home/egemen/ulakbim_debian/zkitapeditoru/var/lib/cef-64/debug.log --log-severity=info --enable-release-dcheck --resources-dir-path=/home/egemen/ulakbim_debian/zkitapeditoru/var/lib/cef-64 --locales-dir-path=/home/egemen/ulakbim_debian/zkitapeditoru/var/lib/cef-64/locales --remote-debugging-port=52994 --no-sandbox
[CEF Python] BrowserProcessHandler_OnBeforeChildProcessLaunch()
[1119/145844:INFO:gpu_info_collector_x11.cc(80)] NVCtrl extension does not exist.
[CEF Python] WindowUtils::IsWindowHandle() not implemented (always True)
[CEF Python] CreateBrowserSync() called
[CEF Python] navigateUrl: file:///home/egemen/ulakbim_debian/zkitapeditoru/var/lib/cef-64/example.html
[CEF Python] CefBrowser::CreateBrowserSync()
[CEF Python] BrowserProcessHandler_OnBeforeChildProcessLaunch()
[CEF Python] GetPyBrowser(): creating new PyBrowser, browserId=1
[CEF Python] CefBrowser::CreateBrowserSync() succeeded
[CEF Python] App: Command line string for the zygote process: /home/egemen/ulakbim_debian/zkitapeditoru/var/lib/cef-64/subprocess --type=zygote --no-sandbox --enable-release-dcheck --lang=en-US --locales-dir-path=/home/egemen/ulakbim_debian/zkitapeditoru/var/lib/cef-64/locales --log-file=/home/egemen/ulakbim_debian/zkitapeditoru/var/lib/cef-64/debug.log --log-severity=info --resources-dir-path=/home/egemen/ulakbim_debian/zkitapeditoru/var/lib/cef-64
[CEF Python] App: Renderer: OnContextCreated()
[CEF Python] App: Browser: OnProcessMessageReceived(): OnContextCreated
[CEF Python] V8ContextHandler_OnContextCreated()
[CEF Python] CefBrowser::CloseBrowser(False)
[CEF Python] del g_pyFrames[1#1]
[CEF Python] del g_pyBrowsers[1]
[CEF Python] Shutdown()
[1119/145849:ERROR_REPORT:browser_main.cc(126)] Check failed: browser_contexts_.empty(). 
